<?xml version="1.0" encoding="UTF-8"?>
<!-- Generated by org.testng.reporters.JUnitReportReporter -->
<testsuite hostname="KCK-PC" failures="0" tests="2" name="com.automation.testscripts.TC_001_CreateRecord" time="63.346" errors="0" timestamp="2023-12-08T15:26:26 IST" skipped="0">
  <testcase classname="com.automation.testscripts.TC_001_CreateRecord" name="createRecord" time="35.986">
    <system-out>
      <![CDATA[100JGA]]>
    </system-out>
  </testcase> <!-- createRecord -->
  <testcase classname="com.automation.testscripts.TC_001_CreateRecord" name="createRecord" time="27.360">
    <system-out>
      <![CDATA[100JH8]]>
    </system-out>
  </testcase> <!-- createRecord -->
  <system-out>
    <![CDATA[100JGA
100JH8]]>
  </system-out>
</testsuite> <!-- com.automation.testscripts.TC_001_CreateRecord -->
